2024-06-16 23:21:12 INFO  ClinicaOdontologicaApplication:16 - Application is running
2024-06-17 00:28:29 INFO  ClinicaOdontologicaApplication:16 - Application is running
2024-06-17 00:31:51 INFO  OdontologoService:55 - Listado de todos los Odontologo: []
2024-06-17 00:31:51 WARN  OdontologoService:58 - No se encontraron Odontologo
2024-06-17 00:34:49 INFO  OdontologoService:44 - Odontologo guardado: {  "id": 1,  "numMatricula": 123,  "nombre": "Juan",  "apellido": "Lopez"}
2024-06-17 00:35:01 INFO  OdontologoService:55 - Listado de todos los Odontologo: [  {    "id": 1,    "numMatricula": 123,    "nombre": "Juan",    "apellido": "Lopez"  }]
2024-06-19 23:43:54 INFO  ClinicaOdontologicaApplication:16 - Application is running
2024-06-19 23:45:07 INFO  OdontologoService:55 - Listado de todos los Odontologo: []
2024-06-19 23:45:07 WARN  OdontologoService:58 - No se encontraron Odontologo
2024-06-19 23:49:03 INFO  ClinicaOdontologicaApplication:16 - Application is running
2024-06-19 23:49:06 INFO  OdontologoService:55 - Listado de todos los Odontologo: []
2024-06-19 23:49:06 WARN  OdontologoService:58 - No se encontraron Odontologo
2024-06-19 23:49:10 INFO  OdontologoService:55 - Listado de todos los Odontologo: []
2024-06-19 23:49:10 WARN  OdontologoService:58 - No se encontraron Odontologo
2024-06-19 23:49:16 INFO  OdontologoService:55 - Listado de todos los Odontologo: []
2024-06-19 23:49:16 WARN  OdontologoService:58 - No se encontraron Odontologo
2024-06-19 23:49:44 INFO  OdontologoService:55 - Listado de todos los Odontologo: []
2024-06-19 23:49:44 WARN  OdontologoService:58 - No se encontraron Odontologo
2024-06-19 23:55:57 INFO  ClinicaOdontologicaApplication:16 - Application is running
2024-06-19 23:56:41 INFO  OdontologoService:44 - Odontologo guardado: {  "id": 1,  "numMatricula": 123,  "nombre": "Juan",  "apellido": "Lopez"}
2024-06-19 23:56:57 INFO  OdontologoService:44 - Odontologo guardado: {  "id": 2,  "numMatricula": 124,  "nombre": "Mario",  "apellido": "Lopez"}
2024-06-19 23:57:00 INFO  OdontologoService:55 - Listado de todos los Odontologo: [  {    "id": 1,    "numMatricula": 123,    "nombre": "Juan",    "apellido": "Lopez"  },  {    "id": 2,    "numMatricula": 124,    "nombre": "Mario",    "apellido": "Lopez"  }]
2024-06-20 00:04:13 INFO  OdontologoService:55 - Listado de todos los Odontologo: [  {    "id": 1,    "numMatricula": 123,    "nombre": "Juan",    "apellido": "Lopez"  },  {    "id": 2,    "numMatricula": 124,    "nombre": "Mario",    "apellido": "Lopez"  }]
2024-06-20 00:04:38 INFO  OdontologoService:55 - Listado de todos los Odontologo: [  {    "id": 1,    "numMatricula": 123,    "nombre": "Juan",    "apellido": "Lopez"  },  {    "id": 2,    "numMatricula": 124,    "nombre": "Mario",    "apellido": "Lopez"  }]
2024-06-20 00:07:32 INFO  ClinicaOdontologicaApplication:16 - Application is running
2024-06-20 00:07:42 INFO  OdontologoService:55 - Listado de todos los Odontologo: []
2024-06-20 00:07:42 WARN  OdontologoService:58 - No se encontraron Odontologos
2024-06-20 00:07:58 INFO  OdontologoService:44 - Odontologo guardado: {  "id": 1,  "numMatricula": 124,  "nombre": "Mario",  "apellido": "Lopez"}
2024-06-20 00:07:59 INFO  OdontologoService:55 - Listado de todos los Odontologo: [  {    "id": 1,    "numMatricula": 124,    "nombre": "Mario",    "apellido": "Lopez"  }]
2024-06-20 00:08:39 INFO  OdontologoService:55 - Listado de todos los Odontologo: [  {    "id": 1,    "numMatricula": 124,    "nombre": "Mario",    "apellido": "Lopez"  }]
2024-06-20 00:10:19 INFO  OdontologoService:55 - Listado de todos los Odontologo: [  {    "id": 1,    "numMatricula": 124,    "nombre": "Mario",    "apellido": "Lopez"  }]
2024-06-20 00:12:52 INFO  OdontologoService:55 - Listado de todos los Odontologo: [  {    "id": 1,    "numMatricula": 124,    "nombre": "Mario",    "apellido": "Lopez"  }]
2024-06-20 00:12:56 INFO  OdontologoService:55 - Listado de todos los Odontologo: [  {    "id": 1,    "numMatricula": 124,    "nombre": "Mario",    "apellido": "Lopez"  }]
2024-06-20 00:13:59 INFO  OdontologoService:55 - Listado de todos los Odontologo: [  {    "id": 1,    "numMatricula": 124,    "nombre": "Mario",    "apellido": "Lopez"  }]
2024-06-20 00:15:48 INFO  OdontologoService:55 - Listado de todos los Odontologo: [  {    "id": 1,    "numMatricula": 124,    "nombre": "Mario",    "apellido": "Lopez"  }]
2024-06-20 00:18:46 INFO  OdontologoService:44 - Odontologo guardado: {  "id": 2,  "numMatricula": 125,  "nombre": "Mario",  "apellido": "Lopez"}
2024-06-20 00:18:49 INFO  OdontologoService:55 - Listado de todos los Odontologo: [  {    "id": 1,    "numMatricula": 124,    "nombre": "Mario",    "apellido": "Lopez"  },  {    "id": 2,    "numMatricula": 125,    "nombre": "Mario",    "apellido": "Lopez"  }]
2024-06-20 00:19:02 INFO  OdontologoService:55 - Listado de todos los Odontologo: [  {    "id": 1,    "numMatricula": 124,    "nombre": "Mario",    "apellido": "Lopez"  },  {    "id": 2,    "numMatricula": 125,    "nombre": "Mario",    "apellido": "Lopez"  }]
2024-06-20 00:19:48 INFO  OdontologoService:55 - Listado de todos los Odontologo: [  {    "id": 1,    "numMatricula": 124,    "nombre": "Mario",    "apellido": "Lopez"  },  {    "id": 2,    "numMatricula": 125,    "nombre": "Mario",    "apellido": "Lopez"  }]
2024-06-20 00:22:40 INFO  OdontologoService:55 - Listado de todos los Odontologo: [  {    "id": 1,    "numMatricula": 124,    "nombre": "Mario",    "apellido": "Lopez"  },  {    "id": 2,    "numMatricula": 125,    "nombre": "Mario",    "apellido": "Lopez"  }]
2024-06-20 00:22:54 INFO  OdontologoService:55 - Listado de todos los Odontologo: [  {    "id": 1,    "numMatricula": 124,    "nombre": "Mario",    "apellido": "Lopez"  },  {    "id": 2,    "numMatricula": 125,    "nombre": "Mario",    "apellido": "Lopez"  }]
2024-06-20 00:23:07 INFO  OdontologoService:55 - Listado de todos los Odontologo: [  {    "id": 1,    "numMatricula": 124,    "nombre": "Mario",    "apellido": "Lopez"  },  {    "id": 2,    "numMatricula": 125,    "nombre": "Mario",    "apellido": "Lopez"  }]
2024-06-20 00:26:21 INFO  OdontologoService:55 - Listado de todos los Odontologo: [  {    "id": 1,    "numMatricula": 124,    "nombre": "Mario",    "apellido": "Lopez"  },  {    "id": 2,    "numMatricula": 125,    "nombre": "Mario",    "apellido": "Lopez"  }]
2024-06-20 00:28:02 INFO  OdontologoService:55 - Listado de todos los Odontologo: [  {    "id": 1,    "numMatricula": 124,    "nombre": "Mario",    "apellido": "Lopez"  },  {    "id": 2,    "numMatricula": 125,    "nombre": "Mario",    "apellido": "Lopez"  }]
2024-06-20 00:28:14 INFO  OdontologoService:55 - Listado de todos los Odontologo: [  {    "id": 1,    "numMatricula": 124,    "nombre": "Mario",    "apellido": "Lopez"  },  {    "id": 2,    "numMatricula": 125,    "nombre": "Mario",    "apellido": "Lopez"  }]
2024-06-20 00:29:04 INFO  OdontologoService:55 - Listado de todos los Odontologo: [  {    "id": 1,    "numMatricula": 124,    "nombre": "Mario",    "apellido": "Lopez"  },  {    "id": 2,    "numMatricula": 125,    "nombre": "Mario",    "apellido": "Lopez"  }]
2024-06-20 00:29:31 INFO  OdontologoService:44 - Odontologo guardado: {  "id": 3,  "numMatricula": 126,  "nombre": "Juan",  "apellido": "Aaron"}
2024-06-20 00:29:33 INFO  OdontologoService:55 - Listado de todos los Odontologo: [  {    "id": 1,    "numMatricula": 124,    "nombre": "Mario",    "apellido": "Lopez"  },  {    "id": 2,    "numMatricula": 125,    "nombre": "Mario",    "apellido": "Lopez"  },  {    "id": 3,    "numMatricula": 126,    "nombre": "Juan",    "apellido": "Aaron"  }]
2024-06-20 00:30:43 INFO  OdontologoService:55 - Listado de todos los Odontologo: [  {    "id": 1,    "numMatricula": 124,    "nombre": "Mario",    "apellido": "Lopez"  },  {    "id": 2,    "numMatricula": 125,    "nombre": "Mario",    "apellido": "Lopez"  },  {    "id": 3,    "numMatricula": 126,    "nombre": "Juan",    "apellido": "Aaron"  }]
2024-06-20 00:30:56 INFO  OdontologoService:55 - Listado de todos los Odontologo: [  {    "id": 1,    "numMatricula": 124,    "nombre": "Mario",    "apellido": "Lopez"  },  {    "id": 2,    "numMatricula": 125,    "nombre": "Mario",    "apellido": "Lopez"  },  {    "id": 3,    "numMatricula": 126,    "nombre": "Juan",    "apellido": "Aaron"  }]
2024-06-20 00:31:21 INFO  OdontologoService:55 - Listado de todos los Odontologo: [  {    "id": 1,    "numMatricula": 124,    "nombre": "Mario",    "apellido": "Lopez"  },  {    "id": 2,    "numMatricula": 125,    "nombre": "Mario",    "apellido": "Lopez"  },  {    "id": 3,    "numMatricula": 126,    "nombre": "Juan",    "apellido": "Aaron"  }]
2024-06-20 00:31:34 INFO  OdontologoService:55 - Listado de todos los Odontologo: [  {    "id": 1,    "numMatricula": 124,    "nombre": "Mario",    "apellido": "Lopez"  },  {    "id": 2,    "numMatricula": 125,    "nombre": "Mario",    "apellido": "Lopez"  },  {    "id": 3,    "numMatricula": 126,    "nombre": "Juan",    "apellido": "Aaron"  }]
2024-06-20 00:41:28 INFO  ClinicaOdontologicaApplication:16 - Application is running
2024-06-20 00:41:58 INFO  OdontologoService:55 - Listado de todos los Odontologo: []
2024-06-20 00:41:58 WARN  OdontologoService:58 - No se encontraron Odontologos
2024-06-20 00:42:05 INFO  OdontologoService:44 - Odontologo guardado: {  "id": 1,  "numMatricula": 123,  "nombre": "Juan",  "apellido": "Aaron"}
2024-06-20 00:42:14 INFO  OdontologoService:55 - Listado de todos los Odontologo: [  {    "id": 1,    "numMatricula": 123,    "nombre": "Juan",    "apellido": "Aaron"  }]
2024-06-20 00:43:01 INFO  OdontologoService:36 - Odontologo encontrado: {  "id": 1,  "numMatricula": 123,  "nombre": "Juan",  "apellido": "Aaron"}
2024-06-20 00:43:05 INFO  OdontologoService:55 - Listado de todos los Odontologo: [  {    "id": 1,    "numMatricula": 123,    "nombre": "Juan",    "apellido": "Aaron"  }]
2024-06-20 00:44:08 INFO  OdontologoService:76 - Odontologo actualizado: {  "id": 1,  "numMatricula": 123,  "nombre": "Juanon",  "apellido": "Aaron"}
2024-06-20 00:44:12 INFO  OdontologoService:55 - Listado de todos los Odontologo: [  {    "id": 1,    "numMatricula": 123,    "nombre": "Juanon",    "apellido": "Aaron"  }]
2024-06-20 00:44:31 INFO  OdontologoService:55 - Listado de todos los Odontologo: []
2024-06-20 00:44:31 WARN  OdontologoService:58 - No se encontraron Odontologos
2024-06-20 00:44:34 INFO  OdontologoService:44 - Odontologo guardado: {  "id": 2,  "numMatricula": 123,  "nombre": "Juan",  "apellido": "Aaron"}
2024-06-20 00:44:38 INFO  OdontologoService:55 - Listado de todos los Odontologo: [  {    "id": 2,    "numMatricula": 123,    "nombre": "Juan",    "apellido": "Aaron"  }]
2024-06-20 00:46:06 INFO  OdontologoService:44 - Odontologo guardado: {  "id": 3,  "numMatricula": 123,  "nombre": "Juan",  "apellido": "Aaron"}
2024-06-20 00:46:08 INFO  OdontologoService:55 - Listado de todos los Odontologo: [  {    "id": 2,    "numMatricula": 123,    "nombre": "Juan",    "apellido": "Aaron"  },  {    "id": 3,    "numMatricula": 123,    "nombre": "Juan",    "apellido": "Aaron"  }]
2024-06-20 00:47:23 INFO  OdontologoService:55 - Listado de todos los Odontologo: [  {    "id": 2,    "numMatricula": 123,    "nombre": "Juan",    "apellido": "Aaron"  },  {    "id": 3,    "numMatricula": 123,    "nombre": "Juan",    "apellido": "Aaron"  }]
2024-06-20 00:47:40 INFO  OdontologoService:55 - Listado de todos los Odontologo: [  {    "id": 2,    "numMatricula": 123,    "nombre": "Juan",    "apellido": "Aaron"  },  {    "id": 3,    "numMatricula": 123,    "nombre": "Juan",    "apellido": "Aaron"  }]
2024-06-20 00:48:54 INFO  OdontologoService:55 - Listado de todos los Odontologo: [  {    "id": 2,    "numMatricula": 123,    "nombre": "Juan",    "apellido": "Aaron"  },  {    "id": 3,    "numMatricula": 123,    "nombre": "Juan",    "apellido": "Aaron"  }]
2024-06-20 00:49:08 INFO  OdontologoService:44 - Odontologo guardado: {  "id": 4,  "numMatricula": 128,  "nombre": "Cesar",  "apellido": "Castro"}
2024-06-20 00:49:13 INFO  OdontologoService:55 - Listado de todos los Odontologo: [  {    "id": 2,    "numMatricula": 123,    "nombre": "Juan",    "apellido": "Aaron"  },  {    "id": 3,    "numMatricula": 123,    "nombre": "Juan",    "apellido": "Aaron"  },  {    "id": 4,    "numMatricula": 128,    "nombre": "Cesar",    "apellido": "Castro"  }]
2024-06-20 00:50:42 INFO  OdontologoService:55 - Listado de todos los Odontologo: [  {    "id": 2,    "numMatricula": 123,    "nombre": "Juan",    "apellido": "Aaron"  },  {    "id": 3,    "numMatricula": 123,    "nombre": "Juan",    "apellido": "Aaron"  },  {    "id": 4,    "numMatricula": 128,    "nombre": "Cesar",    "apellido": "Castro"  }]
2024-06-20 00:50:49 INFO  OdontologoService:44 - Odontologo guardado: {  "id": 5,  "numMatricula": 4324,  "nombre": "sdass",  "apellido": "adas"}
2024-06-20 00:52:08 INFO  OdontologoService:55 - Listado de todos los Odontologo: [  {    "id": 2,    "numMatricula": 123,    "nombre": "Juan",    "apellido": "Aaron"  },  {    "id": 3,    "numMatricula": 123,    "nombre": "Juan",    "apellido": "Aaron"  },  {    "id": 4,    "numMatricula": 128,    "nombre": "Cesar",    "apellido": "Castro"  },  {    "id": 5,    "numMatricula": 4324,    "nombre": "sdass",    "apellido": "adas"  }]
2024-06-20 00:52:35 INFO  OdontologoService:55 - Listado de todos los Odontologo: [  {    "id": 2,    "numMatricula": 123,    "nombre": "Juan",    "apellido": "Aaron"  },  {    "id": 3,    "numMatricula": 123,    "nombre": "Juan",    "apellido": "Aaron"  },  {    "id": 4,    "numMatricula": 128,    "nombre": "Cesar",    "apellido": "Castro"  },  {    "id": 5,    "numMatricula": 4324,    "nombre": "sdass",    "apellido": "adas"  }]
2024-06-20 00:54:36 INFO  OdontologoService:55 - Listado de todos los Odontologo: [  {    "id": 2,    "numMatricula": 123,    "nombre": "Juan",    "apellido": "Aaron"  },  {    "id": 3,    "numMatricula": 123,    "nombre": "Juan",    "apellido": "Aaron"  },  {    "id": 4,    "numMatricula": 128,    "nombre": "Cesar",    "apellido": "Castro"  },  {    "id": 5,    "numMatricula": 4324,    "nombre": "sdass",    "apellido": "adas"  }]
2024-06-20 00:54:49 INFO  OdontologoService:44 - Odontologo guardado: {  "id": 6,  "numMatricula": 32132,  "nombre": "sdass",  "apellido": "sdasd"}
2024-06-20 00:54:51 INFO  OdontologoService:44 - Odontologo guardado: {  "id": 7,  "numMatricula": 32132,  "nombre": "sdass",  "apellido": "sdasd"}
2024-06-20 00:54:54 INFO  OdontologoService:44 - Odontologo guardado: {  "id": 8,  "numMatricula": 32132,  "nombre": "sdass",  "apellido": "sdasd"}
2024-06-20 00:54:55 INFO  OdontologoService:44 - Odontologo guardado: {  "id": 9,  "numMatricula": 32132,  "nombre": "sdass",  "apellido": "sdasd"}
2024-06-20 00:54:56 INFO  OdontologoService:44 - Odontologo guardado: {  "id": 10,  "numMatricula": 32132,  "nombre": "sdass",  "apellido": "sdasd"}
2024-06-20 00:55:35 INFO  OdontologoService:55 - Listado de todos los Odontologo: [  {    "id": 2,    "numMatricula": 123,    "nombre": "Juan",    "apellido": "Aaron"  },  {    "id": 3,    "numMatricula": 123,    "nombre": "Juan",    "apellido": "Aaron"  },  {    "id": 4,    "numMatricula": 128,    "nombre": "Cesar",    "apellido": "Castro"  },  {    "id": 5,    "numMatricula": 4324,    "nombre": "sdass",    "apellido": "adas"  },  {    "id": 6,    "numMatricula": 32132,    "nombre": "sdass",    "apellido": "sdasd"  },  {    "id": 7,    "numMatricula": 32132,    "nombre": "sdass",    "apellido": "sdasd"  },  {    "id": 8,    "numMatricula": 32132,    "nombre": "sdass",    "apellido": "sdasd"  },  {    "id": 9,    "numMatricula": 32132,    "nombre": "sdass",    "apellido": "sdasd"  },  {    "id": 10,    "numMatricula": 32132,    "nombre": "sdass",    "apellido": "sdasd"  }]
2024-06-20 00:55:43 INFO  OdontologoService:44 - Odontologo guardado: {  "id": 11,  "numMatricula": 5234423,  "nombre": "dsfsdf",  "apellido": "sdfsdfsdf"}
2024-06-20 00:55:51 INFO  OdontologoService:44 - Odontologo guardado: {  "id": 12,  "numMatricula": 52344232,  "nombre": "dsfsdf",  "apellido": "sdfsdfsdf"}
2024-06-20 00:55:54 INFO  OdontologoService:44 - Odontologo guardado: {  "id": 13,  "numMatricula": 52344232,  "nombre": "dsfsdf",  "apellido": "sdfsdfsdf"}
2024-06-20 01:00:17 INFO  OdontologoService:55 - Listado de todos los Odontologo: [  {    "id": 2,    "numMatricula": 123,    "nombre": "Juan",    "apellido": "Aaron"  },  {    "id": 3,    "numMatricula": 123,    "nombre": "Juan",    "apellido": "Aaron"  },  {    "id": 4,    "numMatricula": 128,    "nombre": "Cesar",    "apellido": "Castro"  },  {    "id": 5,    "numMatricula": 4324,    "nombre": "sdass",    "apellido": "adas"  },  {    "id": 6,    "numMatricula": 32132,    "nombre": "sdass",    "apellido": "sdasd"  },  {    "id": 7,    "numMatricula": 32132,    "nombre": "sdass",    "apellido": "sdasd"  },  {    "id": 8,    "numMatricula": 32132,    "nombre": "sdass",    "apellido": "sdasd"  },  {    "id": 9,    "numMatricula": 32132,    "nombre": "sdass",    "apellido": "sdasd"  },  {    "id": 10,    "numMatricula": 32132,    "nombre": "sdass",    "apellido": "sdasd"  },  {    "id": 11,    "numMatricula": 5234423,    "nombre": "dsfsdf",    "apellido": "sdfsdfsdf"  },  {    "id": 12,    "numMatricula": 52344232,    "nombre": "dsfsdf",    "apellido": "sdfsdfsdf"  },  {    "id": 13,    "numMatricula": 52344232,    "nombre": "dsfsdf",    "apellido": "sdfsdfsdf"  }]
2024-06-20 01:00:23 INFO  OdontologoService:55 - Listado de todos los Odontologo: [  {    "id": 2,    "numMatricula": 123,    "nombre": "Juan",    "apellido": "Aaron"  },  {    "id": 3,    "numMatricula": 123,    "nombre": "Juan",    "apellido": "Aaron"  },  {    "id": 4,    "numMatricula": 128,    "nombre": "Cesar",    "apellido": "Castro"  },  {    "id": 5,    "numMatricula": 4324,    "nombre": "sdass",    "apellido": "adas"  },  {    "id": 6,    "numMatricula": 32132,    "nombre": "sdass",    "apellido": "sdasd"  },  {    "id": 7,    "numMatricula": 32132,    "nombre": "sdass",    "apellido": "sdasd"  },  {    "id": 8,    "numMatricula": 32132,    "nombre": "sdass",    "apellido": "sdasd"  },  {    "id": 9,    "numMatricula": 32132,    "nombre": "sdass",    "apellido": "sdasd"  },  {    "id": 10,    "numMatricula": 32132,    "nombre": "sdass",    "apellido": "sdasd"  },  {    "id": 11,    "numMatricula": 5234423,    "nombre": "dsfsdf",    "apellido": "sdfsdfsdf"  },  {    "id": 12,    "numMatricula": 52344232,    "nombre": "dsfsdf",    "apellido": "sdfsdfsdf"  },  {    "id": 13,    "numMatricula": 52344232,    "nombre": "dsfsdf",    "apellido": "sdfsdfsdf"  }]
2024-06-20 01:00:25 INFO  OdontologoService:55 - Listado de todos los Odontologo: [  {    "id": 2,    "numMatricula": 123,    "nombre": "Juan",    "apellido": "Aaron"  },  {    "id": 3,    "numMatricula": 123,    "nombre": "Juan",    "apellido": "Aaron"  },  {    "id": 4,    "numMatricula": 128,    "nombre": "Cesar",    "apellido": "Castro"  },  {    "id": 5,    "numMatricula": 4324,    "nombre": "sdass",    "apellido": "adas"  },  {    "id": 6,    "numMatricula": 32132,    "nombre": "sdass",    "apellido": "sdasd"  },  {    "id": 7,    "numMatricula": 32132,    "nombre": "sdass",    "apellido": "sdasd"  },  {    "id": 8,    "numMatricula": 32132,    "nombre": "sdass",    "apellido": "sdasd"  },  {    "id": 9,    "numMatricula": 32132,    "nombre": "sdass",    "apellido": "sdasd"  },  {    "id": 10,    "numMatricula": 32132,    "nombre": "sdass",    "apellido": "sdasd"  },  {    "id": 11,    "numMatricula": 5234423,    "nombre": "dsfsdf",    "apellido": "sdfsdfsdf"  },  {    "id": 12,    "numMatricula": 52344232,    "nombre": "dsfsdf",    "apellido": "sdfsdfsdf"  },  {    "id": 13,    "numMatricula": 52344232,    "nombre": "dsfsdf",    "apellido": "sdfsdfsdf"  }]
2024-06-20 01:00:26 INFO  OdontologoService:55 - Listado de todos los Odontologo: [  {    "id": 2,    "numMatricula": 123,    "nombre": "Juan",    "apellido": "Aaron"  },  {    "id": 3,    "numMatricula": 123,    "nombre": "Juan",    "apellido": "Aaron"  },  {    "id": 4,    "numMatricula": 128,    "nombre": "Cesar",    "apellido": "Castro"  },  {    "id": 5,    "numMatricula": 4324,    "nombre": "sdass",    "apellido": "adas"  },  {    "id": 6,    "numMatricula": 32132,    "nombre": "sdass",    "apellido": "sdasd"  },  {    "id": 7,    "numMatricula": 32132,    "nombre": "sdass",    "apellido": "sdasd"  },  {    "id": 8,    "numMatricula": 32132,    "nombre": "sdass",    "apellido": "sdasd"  },  {    "id": 9,    "numMatricula": 32132,    "nombre": "sdass",    "apellido": "sdasd"  },  {    "id": 10,    "numMatricula": 32132,    "nombre": "sdass",    "apellido": "sdasd"  },  {    "id": 11,    "numMatricula": 5234423,    "nombre": "dsfsdf",    "apellido": "sdfsdfsdf"  },  {    "id": 12,    "numMatricula": 52344232,    "nombre": "dsfsdf",    "apellido": "sdfsdfsdf"  },  {    "id": 13,    "numMatricula": 52344232,    "nombre": "dsfsdf",    "apellido": "sdfsdfsdf"  }]
2024-06-20 01:00:26 INFO  OdontologoService:55 - Listado de todos los Odontologo: [  {    "id": 2,    "numMatricula": 123,    "nombre": "Juan",    "apellido": "Aaron"  },  {    "id": 3,    "numMatricula": 123,    "nombre": "Juan",    "apellido": "Aaron"  },  {    "id": 4,    "numMatricula": 128,    "nombre": "Cesar",    "apellido": "Castro"  },  {    "id": 5,    "numMatricula": 4324,    "nombre": "sdass",    "apellido": "adas"  },  {    "id": 6,    "numMatricula": 32132,    "nombre": "sdass",    "apellido": "sdasd"  },  {    "id": 7,    "numMatricula": 32132,    "nombre": "sdass",    "apellido": "sdasd"  },  {    "id": 8,    "numMatricula": 32132,    "nombre": "sdass",    "apellido": "sdasd"  },  {    "id": 9,    "numMatricula": 32132,    "nombre": "sdass",    "apellido": "sdasd"  },  {    "id": 10,    "numMatricula": 32132,    "nombre": "sdass",    "apellido": "sdasd"  },  {    "id": 11,    "numMatricula": 5234423,    "nombre": "dsfsdf",    "apellido": "sdfsdfsdf"  },  {    "id": 12,    "numMatricula": 52344232,    "nombre": "dsfsdf",    "apellido": "sdfsdfsdf"  },  {    "id": 13,    "numMatricula": 52344232,    "nombre": "dsfsdf",    "apellido": "sdfsdfsdf"  }]
2024-06-20 01:00:26 INFO  OdontologoService:55 - Listado de todos los Odontologo: [  {    "id": 2,    "numMatricula": 123,    "nombre": "Juan",    "apellido": "Aaron"  },  {    "id": 3,    "numMatricula": 123,    "nombre": "Juan",    "apellido": "Aaron"  },  {    "id": 4,    "numMatricula": 128,    "nombre": "Cesar",    "apellido": "Castro"  },  {    "id": 5,    "numMatricula": 4324,    "nombre": "sdass",    "apellido": "adas"  },  {    "id": 6,    "numMatricula": 32132,    "nombre": "sdass",    "apellido": "sdasd"  },  {    "id": 7,    "numMatricula": 32132,    "nombre": "sdass",    "apellido": "sdasd"  },  {    "id": 8,    "numMatricula": 32132,    "nombre": "sdass",    "apellido": "sdasd"  },  {    "id": 9,    "numMatricula": 32132,    "nombre": "sdass",    "apellido": "sdasd"  },  {    "id": 10,    "numMatricula": 32132,    "nombre": "sdass",    "apellido": "sdasd"  },  {    "id": 11,    "numMatricula": 5234423,    "nombre": "dsfsdf",    "apellido": "sdfsdfsdf"  },  {    "id": 12,    "numMatricula": 52344232,    "nombre": "dsfsdf",    "apellido": "sdfsdfsdf"  },  {    "id": 13,    "numMatricula": 52344232,    "nombre": "dsfsdf",    "apellido": "sdfsdfsdf"  }]
2024-06-20 01:00:30 INFO  OdontologoService:44 - Odontologo guardado: {  "id": 14,  "numMatricula": 324,  "nombre": "dfsf",  "apellido": "dsfsd"}
2024-06-20 01:00:31 INFO  OdontologoService:44 - Odontologo guardado: {  "id": 15,  "numMatricula": 324,  "nombre": "dfsf",  "apellido": "dsfsd"}
2024-06-20 01:00:32 INFO  OdontologoService:44 - Odontologo guardado: {  "id": 16,  "numMatricula": 324,  "nombre": "dfsf",  "apellido": "dsfsd"}
2024-06-20 01:00:32 INFO  OdontologoService:44 - Odontologo guardado: {  "id": 17,  "numMatricula": 324,  "nombre": "dfsf",  "apellido": "dsfsd"}
2024-06-20 01:00:49 INFO  ClinicaOdontologicaApplication:16 - Application is running
2024-06-20 01:00:50 INFO  OdontologoService:55 - Listado de todos los Odontologo: []
2024-06-20 01:00:50 WARN  OdontologoService:58 - No se encontraron Odontologos
2024-06-20 01:01:03 INFO  OdontologoService:44 - Odontologo guardado: {  "id": 1,  "numMatricula": 123,  "nombre": "Cesar",  "apellido": "Castro"}
2024-06-20 01:01:04 INFO  OdontologoService:44 - Odontologo guardado: {  "id": 2,  "numMatricula": 123,  "nombre": "Cesar",  "apellido": "Castro"}
2024-06-20 01:01:05 INFO  OdontologoService:44 - Odontologo guardado: {  "id": 3,  "numMatricula": 123,  "nombre": "Cesar",  "apellido": "Castro"}
2024-06-20 01:01:06 INFO  OdontologoService:44 - Odontologo guardado: {  "id": 4,  "numMatricula": 123,  "nombre": "Cesar",  "apellido": "Castro"}
2024-06-20 01:16:43 INFO  ClinicaOdontologicaApplication:16 - Application is running
2024-06-20 01:26:25 INFO  ClinicaOdontologicaApplication:16 - Application is running
2024-06-20 01:30:15 INFO  ClinicaOdontologicaApplication:16 - Application is running
2024-06-20 10:11:58 INFO  ClinicaOdontologicaApplication:16 - Application is running
2024-06-20 10:12:07 INFO  OdontologoService:55 - Listado de todos los Odontologo: []
2024-06-20 10:12:07 WARN  OdontologoService:58 - No se encontraron Odontologos
2024-06-20 10:12:15 INFO  OdontologoService:55 - Listado de todos los Odontologo: []
2024-06-20 10:12:15 WARN  OdontologoService:58 - No se encontraron Odontologos
2024-06-20 10:12:20 INFO  OdontologoService:44 - Odontologo guardado: {  "id": 1,  "numMatricula": 123,  "nombre": "sdaas",  "apellido": "sad"}
2024-06-20 10:12:26 INFO  OdontologoService:44 - Odontologo guardado: {  "id": 2,  "numMatricula": 123,  "nombre": "sdaas",  "apellido": "sad"}
2024-06-20 10:12:27 INFO  OdontologoService:44 - Odontologo guardado: {  "id": 3,  "numMatricula": 123,  "nombre": "sdaas",  "apellido": "sad"}
2024-06-20 10:12:27 INFO  OdontologoService:44 - Odontologo guardado: {  "id": 4,  "numMatricula": 123,  "nombre": "sdaas",  "apellido": "sad"}
2024-06-20 10:12:27 INFO  OdontologoService:44 - Odontologo guardado: {  "id": 5,  "numMatricula": 123,  "nombre": "sdaas",  "apellido": "sad"}
2024-06-20 10:12:28 INFO  OdontologoService:44 - Odontologo guardado: {  "id": 6,  "numMatricula": 123,  "nombre": "sdaas",  "apellido": "sad"}
2024-06-20 10:12:28 INFO  OdontologoService:44 - Odontologo guardado: {  "id": 7,  "numMatricula": 123,  "nombre": "sdaas",  "apellido": "sad"}
2024-06-20 10:12:28 INFO  OdontologoService:44 - Odontologo guardado: {  "id": 8,  "numMatricula": 123,  "nombre": "sdaas",  "apellido": "sad"}
2024-06-20 10:12:28 INFO  OdontologoService:44 - Odontologo guardado: {  "id": 9,  "numMatricula": 123,  "nombre": "sdaas",  "apellido": "sad"}
2024-06-20 10:12:28 INFO  OdontologoService:44 - Odontologo guardado: {  "id": 10,  "numMatricula": 123,  "nombre": "sdaas",  "apellido": "sad"}
2024-06-20 10:12:28 INFO  OdontologoService:44 - Odontologo guardado: {  "id": 11,  "numMatricula": 123,  "nombre": "sdaas",  "apellido": "sad"}
2024-06-20 10:12:28 INFO  OdontologoService:44 - Odontologo guardado: {  "id": 12,  "numMatricula": 123,  "nombre": "sdaas",  "apellido": "sad"}
2024-06-20 10:12:31 INFO  OdontologoService:55 - Listado de todos los Odontologo: [  {    "id": 1,    "numMatricula": 123,    "nombre": "sdaas",    "apellido": "sad"  },  {    "id": 2,    "numMatricula": 123,    "nombre": "sdaas",    "apellido": "sad"  },  {    "id": 3,    "numMatricula": 123,    "nombre": "sdaas",    "apellido": "sad"  },  {    "id": 4,    "numMatricula": 123,    "nombre": "sdaas",    "apellido": "sad"  },  {    "id": 5,    "numMatricula": 123,    "nombre": "sdaas",    "apellido": "sad"  },  {    "id": 6,    "numMatricula": 123,    "nombre": "sdaas",    "apellido": "sad"  },  {    "id": 7,    "numMatricula": 123,    "nombre": "sdaas",    "apellido": "sad"  },  {    "id": 8,    "numMatricula": 123,    "nombre": "sdaas",    "apellido": "sad"  },  {    "id": 9,    "numMatricula": 123,    "nombre": "sdaas",    "apellido": "sad"  },  {    "id": 10,    "numMatricula": 123,    "nombre": "sdaas",    "apellido": "sad"  },  {    "id": 11,    "numMatricula": 123,    "nombre": "sdaas",    "apellido": "sad"  },  {    "id": 12,    "numMatricula": 123,    "nombre": "sdaas",    "apellido": "sad"  }]
2024-06-20 10:12:39 INFO  OdontologoService:55 - Listado de todos los Odontologo: [  {    "id": 1,    "numMatricula": 123,    "nombre": "sdaas",    "apellido": "sad"  },  {    "id": 2,    "numMatricula": 123,    "nombre": "sdaas",    "apellido": "sad"  },  {    "id": 3,    "numMatricula": 123,    "nombre": "sdaas",    "apellido": "sad"  },  {    "id": 4,    "numMatricula": 123,    "nombre": "sdaas",    "apellido": "sad"  },  {    "id": 5,    "numMatricula": 123,    "nombre": "sdaas",    "apellido": "sad"  },  {    "id": 6,    "numMatricula": 123,    "nombre": "sdaas",    "apellido": "sad"  },  {    "id": 7,    "numMatricula": 123,    "nombre": "sdaas",    "apellido": "sad"  },  {    "id": 8,    "numMatricula": 123,    "nombre": "sdaas",    "apellido": "sad"  },  {    "id": 9,    "numMatricula": 123,    "nombre": "sdaas",    "apellido": "sad"  },  {    "id": 10,    "numMatricula": 123,    "nombre": "sdaas",    "apellido": "sad"  },  {    "id": 11,    "numMatricula": 123,    "nombre": "sdaas",    "apellido": "sad"  },  {    "id": 12,    "numMatricula": 123,    "nombre": "sdaas",    "apellido": "sad"  }]
2024-06-20 10:13:18 INFO  ClinicaOdontologicaApplication:16 - Application is running
2024-06-20 10:13:27 INFO  OdontologoService:44 - Odontologo guardado: {  "id": 1,  "numMatricula": 123,  "nombre": "AAA",  "apellido": "BBB"}
2024-06-20 10:13:29 INFO  OdontologoService:44 - Odontologo guardado: {  "id": 2,  "numMatricula": 123,  "nombre": "AAA",  "apellido": "BBB"}
2024-06-20 10:13:30 INFO  OdontologoService:44 - Odontologo guardado: {  "id": 3,  "numMatricula": 123,  "nombre": "AAA",  "apellido": "BBB"}
2024-06-20 10:13:30 INFO  OdontologoService:44 - Odontologo guardado: {  "id": 4,  "numMatricula": 123,  "nombre": "AAA",  "apellido": "BBB"}
2024-06-20 10:13:31 INFO  OdontologoService:44 - Odontologo guardado: {  "id": 5,  "numMatricula": 123,  "nombre": "AAA",  "apellido": "BBB"}
2024-06-20 10:13:32 INFO  OdontologoService:44 - Odontologo guardado: {  "id": 6,  "numMatricula": 123,  "nombre": "AAA",  "apellido": "BBB"}
2024-06-20 10:13:32 INFO  OdontologoService:44 - Odontologo guardado: {  "id": 7,  "numMatricula": 123,  "nombre": "AAA",  "apellido": "BBB"}
2024-06-20 10:13:33 INFO  OdontologoService:44 - Odontologo guardado: {  "id": 8,  "numMatricula": 123,  "nombre": "AAA",  "apellido": "BBB"}
2024-06-20 10:13:33 INFO  OdontologoService:44 - Odontologo guardado: {  "id": 9,  "numMatricula": 123,  "nombre": "AAA",  "apellido": "BBB"}
2024-06-20 10:13:34 INFO  OdontologoService:44 - Odontologo guardado: {  "id": 10,  "numMatricula": 123,  "nombre": "AAA",  "apellido": "BBB"}
2024-06-20 10:13:35 INFO  OdontologoService:44 - Odontologo guardado: {  "id": 11,  "numMatricula": 123,  "nombre": "AAA",  "apellido": "BBB"}
2024-06-20 10:13:35 INFO  OdontologoService:44 - Odontologo guardado: {  "id": 12,  "numMatricula": 123,  "nombre": "AAA",  "apellido": "BBB"}
2024-06-20 10:13:36 INFO  OdontologoService:44 - Odontologo guardado: {  "id": 13,  "numMatricula": 123,  "nombre": "AAA",  "apellido": "BBB"}
2024-06-20 10:13:37 INFO  OdontologoService:44 - Odontologo guardado: {  "id": 14,  "numMatricula": 123,  "nombre": "AAA",  "apellido": "BBB"}
2024-06-20 10:13:38 INFO  OdontologoService:55 - Listado de todos los Odontologo: [  {    "id": 1,    "numMatricula": 123,    "nombre": "AAA",    "apellido": "BBB"  },  {    "id": 2,    "numMatricula": 123,    "nombre": "AAA",    "apellido": "BBB"  },  {    "id": 3,    "numMatricula": 123,    "nombre": "AAA",    "apellido": "BBB"  },  {    "id": 4,    "numMatricula": 123,    "nombre": "AAA",    "apellido": "BBB"  },  {    "id": 5,    "numMatricula": 123,    "nombre": "AAA",    "apellido": "BBB"  },  {    "id": 6,    "numMatricula": 123,    "nombre": "AAA",    "apellido": "BBB"  },  {    "id": 7,    "numMatricula": 123,    "nombre": "AAA",    "apellido": "BBB"  },  {    "id": 8,    "numMatricula": 123,    "nombre": "AAA",    "apellido": "BBB"  },  {    "id": 9,    "numMatricula": 123,    "nombre": "AAA",    "apellido": "BBB"  },  {    "id": 10,    "numMatricula": 123,    "nombre": "AAA",    "apellido": "BBB"  },  {    "id": 11,    "numMatricula": 123,    "nombre": "AAA",    "apellido": "BBB"  },  {    "id": 12,    "numMatricula": 123,    "nombre": "AAA",    "apellido": "BBB"  },  {    "id": 13,    "numMatricula": 123,    "nombre": "AAA",    "apellido": "BBB"  },  {    "id": 14,    "numMatricula": 123,    "nombre": "AAA",    "apellido": "BBB"  }]
2024-06-20 11:39:26 INFO  ClinicaOdontologicaApplication:16 - Application is running
2024-06-20 11:43:27 INFO  ClinicaOdontologicaApplication:16 - Application is running
2024-06-20 11:48:04 INFO  ClinicaOdontologicaApplication:16 - Application is running
2024-06-20 11:48:30 INFO  OdontologoService:55 - Listado de todos los Odontologo: []
2024-06-20 11:48:30 WARN  OdontologoService:58 - No se encontraron Odontologos
2024-06-20 12:00:25 INFO  ClinicaOdontologicaApplication:16 - Application is running
2024-06-20 12:01:12 INFO  ClinicaOdontologicaApplication:16 - Application is running
2024-06-20 12:01:26 INFO  OdontologoService:44 - Odontologo guardado: {  "id": 1,  "numMatricula": 20,  "nombre": "qawse",  "apellido": "Lopez"}
2024-06-20 12:07:14 INFO  ClinicaOdontologicaApplication:16 - Application is running
2024-06-20 12:13:56 INFO  ClinicaOdontologicaApplication:16 - Application is running
2024-06-20 12:15:07 INFO  ClinicaOdontologicaApplication:16 - Application is running
2024-06-20 12:15:20 INFO  OdontologoService:44 - Odontologo guardado: {  "id": 1,  "numMatricula": 20,  "nombre": "sdsd",  "apellido": "Lopez"}
2024-06-20 12:23:48 INFO  ClinicaOdontologicaApplication:16 - Application is running
2024-06-20 12:24:41 INFO  OdontologoService:44 - Odontologo guardado: {  "id": 1,  "numMatricula": 1,  "nombre": "ABC",  "apellido": "DFG"}
2024-06-20 12:24:56 INFO  OdontologoService:55 - Listado de todos los Odontologo: [  {    "id": 1,    "numMatricula": 1,    "nombre": "ABC",    "apellido": "DFG"  }]
2024-06-20 12:25:14 INFO  OdontologoService:44 - Odontologo guardado: {  "id": 2,  "numMatricula": 2,  "nombre": "was",  "apellido": "DFG"}
2024-06-20 12:25:22 INFO  OdontologoService:55 - Listado de todos los Odontologo: [  {    "id": 1,    "numMatricula": 1,    "nombre": "ABC",    "apellido": "DFG"  },  {    "id": 2,    "numMatricula": 2,    "nombre": "was",    "apellido": "DFG"  }]
2024-06-20 12:25:35 INFO  OdontologoService:36 - Odontologo encontrado: {  "id": 1,  "numMatricula": 1,  "nombre": "ABC",  "apellido": "DFG"}
2024-06-20 12:25:38 INFO  OdontologoService:36 - Odontologo encontrado: {  "id": 1,  "numMatricula": 1,  "nombre": "ABC",  "apellido": "DFG"}
2024-06-20 12:25:47 INFO  OdontologoService:36 - Odontologo encontrado: {  "id": 2,  "numMatricula": 2,  "nombre": "was",  "apellido": "DFG"}
2024-06-20 12:27:15 INFO  OdontologoService:55 - Listado de todos los Odontologo: [  {    "id": 1,    "numMatricula": 1,    "nombre": "ABC",    "apellido": "DFG"  },  {    "id": 2,    "numMatricula": 2,    "nombre": "was",    "apellido": "DFG"  }]
2024-06-20 12:27:22 INFO  OdontologoService:55 - Listado de todos los Odontologo: [  {    "id": 1,    "numMatricula": 1,    "nombre": "ABC",    "apellido": "DFG"  },  {    "id": 2,    "numMatricula": 2,    "nombre": "was",    "apellido": "DFG"  }]
2024-06-20 12:28:16 INFO  OdontologoService:55 - Listado de todos los Odontologo: [  {    "id": 1,    "numMatricula": 1,    "nombre": "ABC",    "apellido": "DFG"  },  {    "id": 2,    "numMatricula": 2,    "nombre": "was",    "apellido": "DFG"  }]
2024-06-20 12:28:43 INFO  OdontologoService:76 - Odontologo actualizado: {  "id": 1,  "numMatricula": 1,  "nombre": "dsfsdf",  "apellido": "DFG"}
2024-06-20 12:28:58 INFO  OdontologoService:55 - Listado de todos los Odontologo: [  {    "id": 1,    "numMatricula": 1,    "nombre": "dsfsdf",    "apellido": "DFG"  },  {    "id": 2,    "numMatricula": 2,    "nombre": "was",    "apellido": "DFG"  }]
2024-06-20 12:29:19 INFO  OdontologoService:55 - Listado de todos los Odontologo: [  {    "id": 1,    "numMatricula": 1,    "nombre": "dsfsdf",    "apellido": "DFG"  }]
2024-06-20 12:29:32 INFO  PacienteService:65 - Listado de todos los pacientes: {}[]
2024-06-20 12:29:32 WARN  PacienteService:68 - No se encontraron pacientes
2024-06-20 12:30:10 INFO  PacienteService:52 - Paciente guardado: {  "id": 1,  "dni": 12345678,  "nombre": "Cesar",  "apellido": "Castro",  "domicilioDtoSalida": {    "id": 1,    "calle": "Buena",    "numero": 2001,    "localidad": "Cul",    "provincia": "Sin"  },  "fechaAlta": "2024-06-20"}
2024-06-20 12:30:22 INFO  PacienteService:65 - Listado de todos los pacientes: {}[  {    "id": 1,    "dni": 12345678,    "nombre": "Cesar",    "apellido": "Castro",    "domicilioDtoSalida": {      "id": 1,      "calle": "Buena",      "numero": 2001,      "localidad": "Cul",      "provincia": "Sin"    },    "fechaAlta": "2024-06-20"  }]
2024-06-20 12:32:56 INFO  PacienteService:52 - Paciente guardado: {  "id": 2,  "dni": 12345679,  "nombre": "Cesar",  "apellido": "Castro",  "domicilioDtoSalida": {    "id": 2,    "calle": "Buena",    "numero": 2001,    "localidad": "Cul",    "provincia": "Sin"  },  "fechaAlta": "2024-06-20"}
2024-06-20 12:33:01 INFO  PacienteService:65 - Listado de todos los pacientes: {}[  {    "id": 1,    "dni": 12345678,    "nombre": "Cesar",    "apellido": "Castro",    "domicilioDtoSalida": {      "id": 1,      "calle": "Buena",      "numero": 2001,      "localidad": "Cul",      "provincia": "Sin"    },    "fechaAlta": "2024-06-20"  },  {    "id": 2,    "dni": 12345679,    "nombre": "Cesar",    "apellido": "Castro",    "domicilioDtoSalida": {      "id": 2,      "calle": "Buena",      "numero": 2001,      "localidad": "Cul",      "provincia": "Sin"    },    "fechaAlta": "2024-06-20"  }]
2024-06-20 12:33:10 INFO  PacienteService:41 - Paciente encontrado: {  "id": 1,  "dni": 12345678,  "nombre": "Cesar",  "apellido": "Castro",  "domicilioDtoSalida": {    "id": 1,    "calle": "Buena",    "numero": 2001,    "localidad": "Cul",    "provincia": "Sin"  },  "fechaAlta": "2024-06-20"}
2024-06-20 12:33:14 INFO  PacienteService:41 - Paciente encontrado: {  "id": 2,  "dni": 12345679,  "nombre": "Cesar",  "apellido": "Castro",  "domicilioDtoSalida": {    "id": 2,    "calle": "Buena",    "numero": 2001,    "localidad": "Cul",    "provincia": "Sin"  },  "fechaAlta": "2024-06-20"}
2024-06-20 12:33:36 INFO  PacienteService:84 - Paciente actualizado: {  "id": 1,  "dni": 87654321,  "nombre": "Cesar",  "apellido": "Castro",  "domicilioDtoSalida": {    "id": 1,    "calle": "Buena",    "numero": 2001,    "localidad": "Cul",    "provincia": "Sin"  },  "fechaAlta": "2024-06-20"}
2024-06-20 12:33:46 INFO  PacienteService:65 - Listado de todos los pacientes: {}[  {    "id": 1,    "dni": 87654321,    "nombre": "Cesar",    "apellido": "Castro",    "domicilioDtoSalida": {      "id": 1,      "calle": "Buena",      "numero": 2001,      "localidad": "Cul",      "provincia": "Sin"    },    "fechaAlta": "2024-06-20"  },  {    "id": 2,    "dni": 12345679,    "nombre": "Cesar",    "apellido": "Castro",    "domicilioDtoSalida": {      "id": 2,      "calle": "Buena",      "numero": 2001,      "localidad": "Cul",      "provincia": "Sin"    },    "fechaAlta": "2024-06-20"  }]
2024-06-20 12:37:03 INFO  ClinicaOdontologicaApplication:16 - Application is running
2024-06-20 12:37:08 INFO  OdontologoService:44 - Odontologo guardado: {  "id": 1,  "numMatricula": 123,  "nombre": "AAA",  "apellido": "BBB"}
2024-06-20 12:37:12 INFO  OdontologoService:44 - Odontologo guardado: {  "id": 2,  "numMatricula": 123,  "nombre": "AAA",  "apellido": "BBB"}
2024-06-20 12:37:13 INFO  OdontologoService:44 - Odontologo guardado: {  "id": 3,  "numMatricula": 123,  "nombre": "AAA",  "apellido": "BBB"}
2024-06-20 12:37:14 INFO  OdontologoService:44 - Odontologo guardado: {  "id": 4,  "numMatricula": 123,  "nombre": "AAA",  "apellido": "BBB"}
2024-06-20 12:37:14 INFO  OdontologoService:44 - Odontologo guardado: {  "id": 5,  "numMatricula": 123,  "nombre": "AAA",  "apellido": "BBB"}
2024-06-20 12:37:15 INFO  OdontologoService:44 - Odontologo guardado: {  "id": 6,  "numMatricula": 123,  "nombre": "AAA",  "apellido": "BBB"}
2024-06-20 12:37:15 INFO  OdontologoService:44 - Odontologo guardado: {  "id": 7,  "numMatricula": 123,  "nombre": "AAA",  "apellido": "BBB"}
2024-06-20 12:37:16 INFO  OdontologoService:44 - Odontologo guardado: {  "id": 8,  "numMatricula": 123,  "nombre": "AAA",  "apellido": "BBB"}
2024-06-20 12:37:16 INFO  OdontologoService:44 - Odontologo guardado: {  "id": 9,  "numMatricula": 123,  "nombre": "AAA",  "apellido": "BBB"}
