[2024-05-16 22:13:06] [ ERROR] [OdontologoDaoH2:93] Columna "matricula" no encontrada
Column "matricula" not found [42122-224]
[2024-05-16 22:13:07] [ INFO ] [OdontologoDaoH2:104] Listado de todos los odontologos: []
[2024-05-16 22:13:34] [ ERROR] [OdontologoDaoH2:93] Columna "matricula" no encontrada
Column "matricula" not found [42122-224]
[2024-05-16 22:13:34] [ INFO ] [OdontologoDaoH2:104] Listado de todos los odontologos: []
[2024-05-16 22:14:00] [ ERROR] [OdontologoDaoH2:93] Columna "matricula" no encontrada
Column "matricula" not found [42122-224]
[2024-05-16 22:14:00] [ INFO ] [OdontologoDaoH2:104] Listado de todos los odontologos: []
[2024-05-16 22:14:55] [ INFO ] [OdontologoDaoH2:104] Listado de todos los odontologos: [Id: 1 - Matricula: 123456 - Nombre: Jose - Apellido: Ramos, Id: 2 - Matricula: 654321 - Nombre: Luis - Apellido: Lopez]
[2024-05-16 22:26:21] [ INFO ] [OdontologoDaoH2:104] Listado de todos los odontologos: [Id: 1 - Matricula: 123456 - Nombre: Jose - Apellido: Ramos, Id: 2 - Matricula: 654321 - Nombre: Luis - Apellido: Lopez]
[2024-05-16 22:26:22] [ INFO ] [OdontologoDaoH2:40] Se ha registrado al odontologo: Id: 3 - Matricula: 123456 - Nombre: Nombre - Apellido: Apellido
[2024-05-16 22:27:07] [ INFO ] [OdontologoDaoH2:104] Listado de todos los odontologos: [Id: 1 - Matricula: 123456 - Nombre: Jose - Apellido: Ramos, Id: 2 - Matricula: 654321 - Nombre: Luis - Apellido: Lopez, Id: 3 - Matricula: 123456 - Nombre: Nombre - Apellido: Apellido]
[2024-05-16 22:27:08] [ INFO ] [OdontologoDaoH2:40] Se ha registrado al odontologo: Id: 4 - Matricula: 123456 - Nombre: Nombre - Apellido: Apellido
[2024-05-17 09:39:57] [ INFO ] [DomicilioDaoH2:98] Se ha encontrado el domicilio: Id: 1 - Calle: Av Siempre Viva - Numero: 742 - Localidad: Springfield - Provincia: Massachusetts
[2024-05-17 09:39:57] [ INFO ] [DomicilioDaoH2:98] Se ha encontrado el domicilio: Id: 2 - Calle: Calle Wallaby - Numero: 42 - Localidad: Sydney - Provincia: Nueva Gales del Sur
[2024-05-17 09:39:57] [ INFO ] [PacienteDaoH2:111] Listado de todos los pacientes: [Id: 1 - Nombre: Emiliano - Apellido: Celli - DNI: 35464856 - Fechas de ingreso: 2023-05-24 - Domicilio: Id: 1 - Calle: Av Siempre Viva - Numero: 742 - Localidad: Springfield - Provincia: Massachusetts, Id: 2 - Nombre: Pablo - Apellido: Clemente - DNI: 3548546 - Fechas de ingreso: 2023-05-24 - Domicilio: Id: 2 - Calle: Calle Wallaby - Numero: 42 - Localidad: Sydney - Provincia: Nueva Gales del Sur]
[2024-05-17 09:39:57] [ INFO ] [DomicilioDaoH2:41] Se ha registrado el domicilio: Id: 3 - Calle: Calle - Numero: 13 - Localidad: Localidad - Provincia: Provincia
[2024-05-17 09:39:57] [ INFO ] [PacienteDaoH2:47] Se ha registrado el paciente: Id: 3 - Nombre: Nombre - Apellido: Apellido - DNI: 123456 - Fechas de ingreso: 2023-05-02 - Domicilio: Id: 3 - Calle: Calle - Numero: 13 - Localidad: Localidad - Provincia: Provincia
[2024-05-17 13:26:25] [ INFO ] [OdontologoDaoH2:104] Listado de todos los odontologos: [Id: 1 - Matricula: 123456 - Nombre: Jose - Apellido: Ramos, Id: 2 - Matricula: 654321 - Nombre: Luis - Apellido: Lopez]
[2024-05-17 13:26:25] [ INFO ] [OdontologoDaoH2:40] Se ha registrado al odontologo: Id: 3 - Matricula: 123456 - Nombre: Nombre - Apellido: Apellido
[2024-05-17 13:54:45] [ INFO ] [OdontologoDaoEnMemoria:47] Listado de odontologos obtenido desde Memory: [Id: 6 - Matricula: 6545466 - Nombre: Fani - Apellido: Caba単a, Id: 7 - Matricula: 4568545 - Nombre: Luis - Apellido: Donovan]
[2024-05-17 14:01:43] [ INFO ] [OdontologoDaoEnMemoria:42] Listado de odontologos obtenido desde Memoria: [Id: 6 - Matricula: 6545466 - Nombre: Fani - Apellido: Caba単a, Id: 7 - Matricula: 4568545 - Nombre: Luis - Apellido: Donovan]
[2024-05-17 14:01:43] [ INFO ] [OdontologoDaoH2:40] Se ha registrado al odontologo: Id: 4 - Matricula: 123456 - Nombre: Nombre - Apellido: Apellido
[2024-05-17 14:16:59] [ INFO ] [OdontologoDaoEnMemoria:42] Listado de odontologos obtenido desde Memoria: [Id: 6 - Matricula: 6545466 - Nombre: Fani - Apellido: Caba単a, Id: 7 - Matricula: 4568545 - Nombre: Luis - Apellido: Donovan]
[2024-05-17 14:26:49] [ INFO ] [OdontologoDaoEnMemoria:42] Listado de odontologos obtenido desde Memoria: [Id: 6 - Matricula: 6545466 - Nombre: Fani - Apellido: Caba単a, Id: 7 - Matricula: 4568545 - Nombre: Luis - Apellido: Donovan]
